# JRE version: OpenJDK Runtime Environment (8.0_242-b01) (build 1.8.0_242-release-1644-b01)
# Java VM: OpenJDK 64-Bit Server VM (25.242-b01 mixed mode windows-amd64 compressed oops)
Heap:
 PSYoungGen      total 357888K, used 290000K [0x00000000d5580000, 0x00000000f1500000, 0x0000000100000000)
  eden space 332800K, 79% used [0x00000000d5580000,0x00000000e5835978,0x00000000e9a80000)
  from space 25088K, 99% used [0x00000000e9a80000,0x00000000eb2fe6d8,0x00000000eb300000)
  to   space 30208K, 0% used [0x00000000ef780000,0x00000000ef780000,0x00000000f1500000)
 ParOldGen       total 208896K, used 41708K [0x0000000080000000, 0x000000008cc00000, 0x00000000d5580000)
  object space 208896K, 19% used [0x0000000080000000,0x00000000828bb190,0x000000008cc00000)
 Metaspace       used 83281K, capacity 88996K, committed 89240K, reserved 1126400K
  class space    used 11311K, capacity 12338K, committed 12456K, reserved 1048576K
GC Heap History (10 events):
Event: 2.620 GC heap before
{Heap before GC invocations=8 (full 2):
 PSYoungGen      total 235008K, used 10270K [0x00000000d5580000, 0x00000000e4b80000, 0x0000000100000000)
  eden space 221184K, 0% used [0x00000000d5580000,0x00000000d5580000,0x00000000e2d80000)
  from space 13824K, 74% used [0x00000000e3e00000,0x00000000e48078d8,0x00000000e4b80000)
  to   space 15360K, 0% used [0x00000000e2d80000,0x00000000e2d80000,0x00000000e3c80000)
 ParOldGen       total 92672K, used 10633K [0x0000000080000000, 0x0000000085a80000, 0x00000000d5580000)
  object space 92672K, 11% used [0x0000000080000000,0x0000000080a624b0,0x0000000085a80000)
 Metaspace       used 34404K, capacity 35438K, committed 35496K, reserved 1079296K
  class space    used 4686K, capacity 4980K, committed 5032K, reserved 1048576K
Event: 2.652 GC heap after
Heap after GC invocations=8 (full 2):
 PSYoungGen      total 235008K, used 0K [0x00000000d5580000, 0x00000000e4b80000, 0x0000000100000000)
  eden space 221184K, 0% used [0x00000000d5580000,0x00000000d5580000,0x00000000e2d80000)
  from space 13824K, 0% used [0x00000000e3e00000,0x00000000e3e00000,0x00000000e4b80000)
  to   space 15360K, 0% used [0x00000000e2d80000,0x00000000e2d80000,0x00000000e3c80000)
 ParOldGen       total 139264K, used 17481K [0x0000000080000000, 0x0000000088800000, 0x00000000d5580000)
  object space 139264K, 12% used [0x0000000080000000,0x0000000081112770,0x0000000088800000)
 Metaspace       used 34404K, capacity 35438K, committed 35496K, reserved 1079296K
  class space    used 4686K, capacity 4980K, committed 5032K, reserved 1048576K
}
Event: 3.987 GC heap before
{Heap before GC invocations=9 (full 2):
 PSYoungGen      total 235008K, used 221184K [0x00000000d5580000, 0x00000000e4b80000, 0x0000000100000000)
  eden space 221184K, 100% used [0x00000000d5580000,0x00000000e2d80000,0x00000000e2d80000)
  from space 13824K, 0% used [0x00000000e3e00000,0x00000000e3e00000,0x00000000e4b80000)
  to   space 15360K, 0% used [0x00000000e2d80000,0x00000000e2d80000,0x00000000e3c80000)
 ParOldGen       total 139264K, used 17481K [0x0000000080000000, 0x0000000088800000, 0x00000000d5580000)
  object space 139264K, 12% used [0x0000000080000000,0x0000000081112770,0x0000000088800000)
 Metaspace       used 50280K, capacity 52288K, committed 52520K, reserved 1095680K
  class space    used 6721K, capacity 7153K, committed 7208K, reserved 1048576K
Event: 3.999 GC heap after
Heap after GC invocations=9 (full 2):
 PSYoungGen      total 236544K, used 15343K [0x00000000d5580000, 0x00000000ec780000, 0x0000000100000000)
  eden space 221184K, 0% used [0x00000000d5580000,0x00000000d5580000,0x00000000e2d80000)
  from space 15360K, 99% used [0x00000000e2d80000,0x00000000e3c7bc60,0x00000000e3c80000)
  to   space 20992K, 0% used [0x00000000eb300000,0x00000000eb300000,0x00000000ec780000)
 ParOldGen       total 139264K, used 25166K [0x0000000080000000, 0x0000000088800000, 0x00000000d5580000)
  object space 139264K, 18% used [0x0000000080000000,0x0000000081893aa8,0x0000000088800000)
 Metaspace       used 50280K, capacity 52288K, committed 52520K, reserved 1095680K
  class space    used 6721K, capacity 7153K, committed 7208K, reserved 1048576K
}
Event: 4.562 GC heap before
{Heap before GC invocations=10 (full 2):
 PSYoungGen      total 236544K, used 107923K [0x00000000d5580000, 0x00000000ec780000, 0x0000000100000000)
  eden space 221184K, 41% used [0x00000000d5580000,0x00000000dafe92a0,0x00000000e2d80000)
  from space 15360K, 99% used [0x00000000e2d80000,0x00000000e3c7bc60,0x00000000e3c80000)
  to   space 20992K, 0% used [0x00000000eb300000,0x00000000eb300000,0x00000000ec780000)
 ParOldGen       total 139264K, used 25166K [0x0000000080000000, 0x0000000088800000, 0x00000000d5580000)
  object space 139264K, 18% used [0x0000000080000000,0x0000000081893aa8,0x0000000088800000)
 Metaspace       used 56873K, capacity 59058K, committed 59160K, reserved 1099776K
  class space    used 7707K, capacity 8165K, committed 8232K, reserved 1048576K
Event: 4.574 GC heap after
Heap after GC invocations=10 (full 2):
 PSYoungGen      total 353792K, used 20980K [0x00000000d5580000, 0x00000000ecd80000, 0x0000000100000000)
  eden space 332800K, 0% used [0x00000000d5580000,0x00000000d5580000,0x00000000e9a80000)
  from space 20992K, 99% used [0x00000000eb300000,0x00000000ec77d170,0x00000000ec780000)
  to   space 25088K, 0% used [0x00000000e9a80000,0x00000000e9a80000,0x00000000eb300000)
 ParOldGen       total 139264K, used 27226K [0x0000000080000000, 0x0000000088800000, 0x00000000d5580000)
  object space 139264K, 19% used [0x0000000080000000,0x0000000081a96908,0x0000000088800000)
 Metaspace       used 56873K, capacity 59058K, committed 59160K, reserved 1099776K
  class space    used 7707K, capacity 8165K, committed 8232K, reserved 1048576K
}
Event: 4.574 GC heap before
{Heap before GC invocations=11 (full 3):
 PSYoungGen      total 353792K, used 20980K [0x00000000d5580000, 0x00000000ecd80000, 0x0000000100000000)
  eden space 332800K, 0% used [0x00000000d5580000,0x00000000d5580000,0x00000000e9a80000)
  from space 20992K, 99% used [0x00000000eb300000,0x00000000ec77d170,0x00000000ec780000)
  to   space 25088K, 0% used [0x00000000e9a80000,0x00000000e9a80000,0x00000000eb300000)
 ParOldGen       total 139264K, used 27226K [0x0000000080000000, 0x0000000088800000, 0x00000000d5580000)
  object space 139264K, 19% used [0x0000000080000000,0x0000000081a96908,0x0000000088800000)
 Metaspace       used 56873K, capacity 59058K, committed 59160K, reserved 1099776K
  class space    used 7707K, capacity 8165K, committed 8232K, reserved 1048576K
Event: 4.736 GC heap after
Heap after GC invocations=11 (full 3):
 PSYoungGen      total 353792K, used 0K [0x00000000d5580000, 0x00000000ecd80000, 0x0000000100000000)
  eden space 332800K, 0% used [0x00000000d5580000,0x00000000d5580000,0x00000000e9a80000)
  from space 20992K, 0% used [0x00000000eb300000,0x00000000eb300000,0x00000000ec780000)
  to   space 25088K, 0% used [0x00000000e9a80000,0x00000000e9a80000,0x00000000eb300000)
 ParOldGen       total 208896K, used 38003K [0x0000000080000000, 0x000000008cc00000, 0x00000000d5580000)
  object space 208896K, 18% used [0x0000000080000000,0x000000008251cda0,0x000000008cc00000)
 Metaspace       used 56830K, capacity 58914K, committed 59160K, reserved 1099776K
  class space    used 7694K, capacity 8141K, committed 8232K, reserved 1048576K
}
Event: 6.375 GC heap before
{Heap before GC invocations=12 (full 3):
 PSYoungGen      total 353792K, used 332800K [0x00000000d5580000, 0x00000000ecd80000, 0x0000000100000000)
  eden space 332800K, 100% used [0x00000000d5580000,0x00000000e9a80000,0x00000000e9a80000)
  from space 20992K, 0% used [0x00000000eb300000,0x00000000eb300000,0x00000000ec780000)
  to   space 25088K, 0% used [0x00000000e9a80000,0x00000000e9a80000,0x00000000eb300000)
 ParOldGen       total 208896K, used 38003K [0x0000000080000000, 0x000000008cc00000, 0x00000000d5580000)
  object space 208896K, 18% used [0x0000000080000000,0x000000008251cda0,0x000000008cc00000)
 Metaspace       used 73310K, capacity 77848K, committed 78104K, reserved 1116160K
  class space    used 10224K, capacity 10991K, committed 11048K, reserved 1048576K
Event: 6.390 GC heap after
Heap after GC invocations=12 (full 3):
 PSYoungGen      total 357888K, used 25081K [0x00000000d5580000, 0x00000000f1500000, 0x0000000100000000)
  eden space 332800K, 0% used [0x00000000d5580000,0x00000000d5580000,0x00000000e9a80000)
  from space 25088K, 99% used [0x00000000e9a80000,0x00000000eb2fe6d8,0x00000000eb300000)
  to   space 30208K, 0% used [0x00000000ef780000,0x00000000ef780000,0x00000000f1500000)
 ParOldGen       total 208896K, used 41708K [0x0000000080000000, 0x000000008cc00000, 0x00000000d5580000)
  object space 208896K, 19% used [0x0000000080000000,0x00000000828bb190,0x000000008cc00000)
 Metaspace       used 73310K, capacity 77848K, committed 78104K, reserved 1116160K
  class space    used 10224K, capacity 10991K, committed 11048K, reserved 1048576K
}

